<?xml version="1.0" encoding="UTF-8"?>
<!-- Generated by org.testng.reporters.JUnitReportReporter -->
<testsuite hostname="LAPTOP-QMU8NVRC" failures="0" tests="1" name="datadriven.DataTest_01" time="0.000" errors="0" timestamp="2023-01-09T18:10:55 IST" skipped="1">
  <testcase classname="datadriven.DataTest_01" name="loginTest" time="0.000">
    <skipped/>
  </testcase> <!-- loginTest -->
  <system-out/>
</testsuite> <!-- datadriven.DataTest_01 -->
