<?xml version="1.0" encoding="UTF-8"?>
<!-- Generated by org.testng.reporters.JUnitReportReporter -->
<testsuite hostname="LAPTOP-QMU8NVRC" failures="0" tests="1" name="selenium1.Login01" time="3.899" errors="0" timestamp="2023-01-06T14:38:53 IST" skipped="0">
  <testcase classname="selenium1.Login01" name="Login" time="3.899"/>
  <system-out/>
</testsuite> <!-- selenium1.Login01 -->
